mode: set
universal-csp-report/internal/models/csp_report.go:50.90,55.62 3 1
universal-csp-report/internal/models/csp_report.go:55.62,57.41 1 1
universal-csp-report/internal/models/csp_report.go:57.41,58.63 1 1
universal-csp-report/internal/models/csp_report.go:58.63,60.22 2 1
universal-csp-report/internal/models/csp_report.go:60.22,62.6 1 1
universal-csp-report/internal/models/csp_report.go:63.10,73.5 1 1
universal-csp-report/internal/models/csp_report.go:75.8,78.61 2 1
universal-csp-report/internal/models/csp_report.go:78.61,80.4 1 1
universal-csp-report/internal/models/csp_report.go:82.3,83.20 2 1
universal-csp-report/internal/models/csp_report.go:83.20,85.4 1 1
universal-csp-report/internal/models/csp_report.go:88.2,88.23 1 1
universal-csp-report/internal/models/csp_report.go:88.23,90.3 1 0
universal-csp-report/internal/models/csp_report.go:92.2,92.21 1 1
universal-csp-report/internal/models/csp_report.go:96.87,98.16 2 1
universal-csp-report/internal/models/csp_report.go:98.16,100.3 1 0
universal-csp-report/internal/models/csp_report.go:101.2,101.23 1 1
universal-csp-report/internal/models/csp_report.go:101.23,103.3 1 0
universal-csp-report/internal/models/csp_report.go:104.2,104.24 1 1
universal-csp-report/internal/models/csp_report.go:107.103,118.87 2 1
universal-csp-report/internal/models/csp_report.go:118.87,123.3 3 1
universal-csp-report/internal/models/csp_report.go:123.8,128.3 3 1
universal-csp-report/internal/models/csp_report.go:130.2,131.15 2 1
universal-csp-report/internal/models/csp_report.go:134.89,140.9 4 1
universal-csp-report/internal/models/csp_report.go:140.9,143.3 2 0
universal-csp-report/internal/models/csp_report.go:146.2,156.99 10 1
universal-csp-report/internal/models/csp_report.go:156.99,158.3 1 1
universal-csp-report/internal/models/csp_report.go:160.2,160.99 1 1
universal-csp-report/internal/models/csp_report.go:160.99,162.3 1 1
universal-csp-report/internal/models/csp_report.go:164.2,164.109 1 1
universal-csp-report/internal/models/csp_report.go:164.109,166.3 1 1
universal-csp-report/internal/models/csp_report.go:168.2,168.30 1 1
universal-csp-report/internal/models/csp_report.go:168.30,170.3 1 0
universal-csp-report/internal/models/csp_report.go:171.2,171.71 1 1
universal-csp-report/internal/models/csp_report.go:171.71,173.3 1 0
universal-csp-report/internal/models/csp_report.go:175.2,176.23 2 1
universal-csp-report/internal/models/csp_report.go:179.84,184.22 4 1
universal-csp-report/internal/models/csp_report.go:184.22,187.3 2 0
universal-csp-report/internal/models/csp_report.go:190.2,201.104 11 1
universal-csp-report/internal/models/csp_report.go:201.104,203.3 1 1
universal-csp-report/internal/models/csp_report.go:205.2,205.104 1 1
universal-csp-report/internal/models/csp_report.go:205.104,207.3 1 1
universal-csp-report/internal/models/csp_report.go:209.2,209.114 1 1
universal-csp-report/internal/models/csp_report.go:209.114,211.3 1 1
universal-csp-report/internal/models/csp_report.go:213.2,213.30 1 1
universal-csp-report/internal/models/csp_report.go:213.30,215.3 1 1
universal-csp-report/internal/models/csp_report.go:216.2,216.71 1 1
universal-csp-report/internal/models/csp_report.go:216.71,218.3 1 1
universal-csp-report/internal/models/csp_report.go:221.2,221.71 1 1
universal-csp-report/internal/models/csp_report.go:221.71,223.3 1 0
universal-csp-report/internal/models/csp_report.go:225.2,226.23 2 1
universal-csp-report/internal/models/csp_report.go:229.83,231.75 1 1
universal-csp-report/internal/models/csp_report.go:231.75,233.3 1 1
universal-csp-report/internal/models/csp_report.go:236.2,236.74 1 1
universal-csp-report/internal/models/csp_report.go:236.74,238.3 1 1
universal-csp-report/internal/models/csp_report.go:241.2,241.69 1 1
universal-csp-report/internal/models/csp_report.go:241.69,243.3 1 1
universal-csp-report/internal/models/csp_report.go:246.2,246.18 1 1
universal-csp-report/internal/models/csp_report.go:249.72,250.27 1 1
universal-csp-report/internal/models/csp_report.go:250.27,251.31 1 1
universal-csp-report/internal/models/csp_report.go:251.31,252.35 1 1
universal-csp-report/internal/models/csp_report.go:252.35,254.5 1 1
universal-csp-report/internal/models/csp_report.go:257.2,257.11 1 1
universal-csp-report/internal/models/csp_report.go:260.67,261.27 1 1
universal-csp-report/internal/models/csp_report.go:261.27,262.31 1 1
universal-csp-report/internal/models/csp_report.go:262.31,263.27 1 1
universal-csp-report/internal/models/csp_report.go:264.13,265.14 1 0
universal-csp-report/internal/models/csp_report.go:266.17,268.19 2 1
universal-csp-report/internal/models/csp_report.go:269.16,271.16 1 1
universal-csp-report/internal/models/csp_report.go:271.16,272.52 1 1
universal-csp-report/internal/models/csp_report.go:272.52,274.7 1 1
universal-csp-report/internal/models/csp_report.go:279.2,279.12 1 1
universal-csp-report/internal/models/csp_report.go:283.45,284.15 1 1
universal-csp-report/internal/models/csp_report.go:284.15,286.3 1 1
universal-csp-report/internal/models/csp_report.go:289.2,289.30 1 1
universal-csp-report/internal/models/csp_report.go:290.14,291.18 1 1
universal-csp-report/internal/models/csp_report.go:292.21,293.25 1 1
universal-csp-report/internal/models/csp_report.go:294.23,295.27 1 0
universal-csp-report/internal/models/csp_report.go:298.2,298.12 1 1
universal-csp-report/internal/models/csp_report.go:301.49,303.9 2 1
universal-csp-report/internal/models/csp_report.go:304.69,305.16 1 1
universal-csp-report/internal/models/csp_report.go:306.39,307.19 1 1
universal-csp-report/internal/models/csp_report.go:308.73,309.18 1 1
universal-csp-report/internal/models/csp_report.go:310.38,311.18 1 1
universal-csp-report/internal/models/csp_report.go:312.10,313.19 1 1
universal-csp-report/internal/models/csp_report.go:317.60,318.19 1 1
universal-csp-report/internal/models/csp_report.go:318.19,320.3 1 0
universal-csp-report/internal/models/csp_report.go:322.2,324.36 2 1
universal-csp-report/internal/models/csp_report.go:324.36,326.3 1 1
universal-csp-report/internal/models/csp_report.go:326.8,326.44 1 1
universal-csp-report/internal/models/csp_report.go:326.44,328.3 1 1
universal-csp-report/internal/models/csp_report.go:330.2,330.29 1 1
universal-csp-report/internal/models/csp_report.go:330.29,333.28 2 1
universal-csp-report/internal/models/csp_report.go:334.17,335.51 1 1
universal-csp-report/internal/models/csp_report.go:336.15,337.44 1 1
universal-csp-report/internal/models/csp_report.go:338.15,339.36 1 1
universal-csp-report/internal/models/csp_report.go:340.15,341.36 1 1
universal-csp-report/internal/models/csp_report.go:342.21,343.48 1 0
universal-csp-report/internal/models/csp_report.go:345.3,345.69 1 1
universal-csp-report/internal/models/csp_report.go:348.2,348.30 1 1
universal-csp-report/internal/models/csp_report.go:348.30,350.3 1 1
universal-csp-report/internal/models/csp_report.go:352.2,352.29 1 1
universal-csp-report/internal/models/csp_report.go:352.29,354.31 2 1
universal-csp-report/internal/models/csp_report.go:354.31,356.4 1 1
universal-csp-report/internal/models/csp_report.go:357.3,357.33 1 1
universal-csp-report/internal/models/csp_report.go:357.33,359.4 1 1
universal-csp-report/internal/models/csp_report.go:360.3,360.61 1 1
universal-csp-report/internal/models/csp_report.go:363.2,363.31 1 1
universal-csp-report/internal/models/csp_report.go:363.31,365.24 2 1
universal-csp-report/internal/models/csp_report.go:365.24,367.4 1 1
universal-csp-report/internal/models/csp_report.go:368.3,368.66 1 1
universal-csp-report/internal/models/csp_report.go:371.2,371.21 1 1
universal-csp-report/internal/models/csp_report.go:371.21,373.3 1 0
universal-csp-report/internal/models/csp_report.go:375.2,375.35 1 1
universal-csp-report/internal/models/csp_report.go:378.26,380.2 1 1
universal-csp-report/internal/processor/batch_processor.go:55.105,70.2 4 0
universal-csp-report/internal/processor/batch_processor.go:72.35,87.45 6 0
universal-csp-report/internal/processor/batch_processor.go:87.45,96.3 3 0
universal-csp-report/internal/processor/batch_processor.go:98.2,102.36 1 0
universal-csp-report/internal/processor/batch_processor.go:105.34,110.2 4 0
universal-csp-report/internal/processor/batch_processor.go:112.66,113.9 1 0
universal-csp-report/internal/processor/batch_processor.go:114.31,116.13 2 0
universal-csp-report/internal/processor/batch_processor.go:117.10,120.13 3 0
universal-csp-report/internal/processor/batch_processor.go:124.45,131.2 1 0
universal-csp-report/internal/processor/batch_processor.go:133.66,140.6 5 0
universal-csp-report/internal/processor/batch_processor.go:140.6,141.10 1 0
universal-csp-report/internal/processor/batch_processor.go:142.21,143.22 1 0
universal-csp-report/internal/processor/batch_processor.go:143.22,145.5 1 0
universal-csp-report/internal/processor/batch_processor.go:146.4,146.10 1 0
universal-csp-report/internal/processor/batch_processor.go:148.32,150.33 2 0
universal-csp-report/internal/processor/batch_processor.go:150.33,153.5 2 0
universal-csp-report/internal/processor/batch_processor.go:155.19,156.22 1 0
universal-csp-report/internal/processor/batch_processor.go:156.22,159.5 2 0
universal-csp-report/internal/processor/batch_processor.go:164.57,165.21 1 0
universal-csp-report/internal/processor/batch_processor.go:165.21,167.3 1 0
universal-csp-report/internal/processor/batch_processor.go:169.2,172.9 3 0
universal-csp-report/internal/processor/batch_processor.go:173.33,173.33 0 0
universal-csp-report/internal/processor/batch_processor.go:174.10,175.57 1 0
universal-csp-report/internal/processor/batch_processor.go:179.115,185.6 4 0
universal-csp-report/internal/processor/batch_processor.go:185.6,186.10 1 0
universal-csp-report/internal/processor/batch_processor.go:187.21,189.10 2 0
universal-csp-report/internal/processor/batch_processor.go:191.29,192.40 1 0
universal-csp-report/internal/processor/batch_processor.go:197.94,198.21 1 0
universal-csp-report/internal/processor/batch_processor.go:198.21,200.3 1 0
universal-csp-report/internal/processor/batch_processor.go:202.2,209.16 6 0
universal-csp-report/internal/processor/batch_processor.go:209.16,216.3 3 0
universal-csp-report/internal/processor/batch_processor.go:218.2,222.42 2 0
universal-csp-report/main.go:26.13,30.18 3 0
universal-csp-report/main.go:30.18,36.3 5 0
universal-csp-report/main.go:38.2,41.44 3 0
universal-csp-report/main.go:41.44,43.3 1 0
universal-csp-report/main.go:43.8,45.3 1 0
universal-csp-report/main.go:46.2,49.16 3 0
universal-csp-report/main.go:49.16,51.3 1 0
universal-csp-report/main.go:53.2,58.12 4 0
universal-csp-report/main.go:58.12,59.44 1 0
universal-csp-report/main.go:59.44,61.4 1 0
universal-csp-report/main.go:64.2,77.49 9 0
universal-csp-report/main.go:77.49,79.3 1 0
universal-csp-report/main.go:81.2,81.30 1 0
universal-csp-report/internal/config/config.go:57.21,82.2 1 0
universal-csp-report/internal/config/config.go:84.52,85.42 1 0
universal-csp-report/internal/config/config.go:85.42,87.3 1 0
universal-csp-report/internal/config/config.go:88.2,88.21 1 0
universal-csp-report/internal/config/config.go:91.50,92.42 1 0
universal-csp-report/internal/config/config.go:92.42,93.55 1 0
universal-csp-report/internal/config/config.go:93.55,95.4 1 0
universal-csp-report/internal/config/config.go:97.2,97.21 1 0
universal-csp-report/internal/config/config.go:100.53,101.42 1 0
universal-csp-report/internal/config/config.go:101.42,102.61 1 0
universal-csp-report/internal/config/config.go:102.61,104.4 1 0
universal-csp-report/internal/config/config.go:106.2,106.21 1 0
universal-csp-report/internal/config/config.go:109.68,110.42 1 0
universal-csp-report/internal/config/config.go:110.42,112.3 1 0
universal-csp-report/internal/config/config.go:113.2,113.21 1 0
universal-csp-report/internal/storage/elasticsearch.go:28.78,36.16 3 0
universal-csp-report/internal/storage/elasticsearch.go:36.16,38.3 1 0
universal-csp-report/internal/storage/elasticsearch.go:40.2,44.16 4 0
universal-csp-report/internal/storage/elasticsearch.go:44.16,46.3 1 0
universal-csp-report/internal/storage/elasticsearch.go:47.2,49.19 2 0
universal-csp-report/internal/storage/elasticsearch.go:49.19,51.3 1 0
universal-csp-report/internal/storage/elasticsearch.go:53.2,58.54 2 0
universal-csp-report/internal/storage/elasticsearch.go:58.54,60.3 1 0
universal-csp-report/internal/storage/elasticsearch.go:62.2,62.21 1 0
universal-csp-report/internal/storage/elasticsearch.go:65.79,66.23 1 0
universal-csp-report/internal/storage/elasticsearch.go:66.23,68.3 1 0
universal-csp-report/internal/storage/elasticsearch.go:70.2,72.33 2 0
universal-csp-report/internal/storage/elasticsearch.go:72.33,83.17 4 0
universal-csp-report/internal/storage/elasticsearch.go:83.17,85.4 1 0
universal-csp-report/internal/storage/elasticsearch.go:87.3,88.17 2 0
universal-csp-report/internal/storage/elasticsearch.go:88.17,90.4 1 0
universal-csp-report/internal/storage/elasticsearch.go:92.3,95.22 4 0
universal-csp-report/internal/storage/elasticsearch.go:98.2,107.16 5 0
universal-csp-report/internal/storage/elasticsearch.go:107.16,109.3 1 0
universal-csp-report/internal/storage/elasticsearch.go:110.2,112.19 2 0
universal-csp-report/internal/storage/elasticsearch.go:112.19,114.3 1 0
universal-csp-report/internal/storage/elasticsearch.go:116.2,121.72 2 0
universal-csp-report/internal/storage/elasticsearch.go:121.72,123.3 1 0
universal-csp-report/internal/storage/elasticsearch.go:125.2,125.25 1 0
universal-csp-report/internal/storage/elasticsearch.go:125.25,127.3 1 0
universal-csp-report/internal/storage/elasticsearch.go:129.2,129.12 1 0
universal-csp-report/internal/storage/elasticsearch.go:132.47,134.2 1 0
universal-csp-report/internal/storage/elasticsearch.go:136.74,138.2 1 0
universal-csp-report/internal/storage/elasticsearch.go:140.61,225.16 4 0
universal-csp-report/internal/storage/elasticsearch.go:225.16,227.3 1 0
universal-csp-report/internal/storage/elasticsearch.go:229.2,238.16 5 0
universal-csp-report/internal/storage/elasticsearch.go:238.16,240.3 1 0
universal-csp-report/internal/storage/elasticsearch.go:241.2,243.19 2 0
universal-csp-report/internal/storage/elasticsearch.go:243.19,245.3 1 0
universal-csp-report/internal/storage/elasticsearch.go:247.2,247.12 1 0
universal-csp-report/internal/server/server.go:27.98,36.2 2 1
universal-csp-report/internal/server/server.go:38.32,39.25 1 0
universal-csp-report/internal/server/server.go:39.25,41.3 1 0
universal-csp-report/internal/server/server.go:43.2,63.34 12 0
universal-csp-report/internal/server/server.go:66.54,69.2 2 0
universal-csp-report/internal/server/server.go:71.50,73.16 2 1
universal-csp-report/internal/server/server.go:73.16,77.3 3 0
universal-csp-report/internal/server/server.go:79.2,79.20 1 1
universal-csp-report/internal/server/server.go:79.20,82.3 2 1
universal-csp-report/internal/server/server.go:84.2,95.16 6 1
universal-csp-report/internal/server/server.go:95.16,99.3 3 1
universal-csp-report/internal/server/server.go:102.2,104.33 3 1
universal-csp-report/internal/server/server.go:104.33,105.52 1 1
universal-csp-report/internal/server/server.go:105.52,108.4 2 0
universal-csp-report/internal/server/server.go:108.9,110.4 1 1
universal-csp-report/internal/server/server.go:114.2,114.41 1 1
universal-csp-report/internal/server/server.go:114.41,117.3 2 0
universal-csp-report/internal/server/server.go:119.2,123.20 2 1
universal-csp-report/internal/server/server.go:123.20,125.3 1 0
universal-csp-report/internal/server/server.go:128.2,128.67 1 1
universal-csp-report/internal/server/server.go:128.67,130.3 1 0
universal-csp-report/internal/server/server.go:130.8,132.3 1 1
universal-csp-report/internal/server/server.go:135.47,143.2 2 1
universal-csp-report/internal/server/server.go:145.48,148.2 2 1
universal-csp-report/internal/server/server.go:150.54,151.75 1 0
universal-csp-report/internal/server/server.go:151.75,161.3 2 0
universal-csp-report/internal/server/server.go:164.56,165.30 1 0
universal-csp-report/internal/server/server.go:165.30,166.25 1 0
universal-csp-report/internal/server/server.go:166.25,171.4 4 0
universal-csp-report/internal/server/server.go:172.3,172.11 1 0
universal-csp-report/internal/server/server.go:176.54,177.30 1 0
universal-csp-report/internal/server/server.go:177.30,188.3 4 0
